#
# A fatal error has been detected by the Java Runtime Environment:
#
#  Internal Error (safepoint.cpp:712), pid=8460, tid=0x000000000000861f
#  fatal error: Illegal threadstate encountered: 4
#
# JRE version: Java(TM) SE Runtime Environment (8.0_211-b12) (build 1.8.0_211-b12)
# Java VM: Java HotSpot(TM) 64-Bit Server VM (25.211-b12 mixed mode bsd-amd64 compressed oops)
# Failed to write core dump. Core dumps have been disabled. To enable core dumping, try "ulimit -c unlimited" before starting Java again
#
# If you would like to submit a bug report, please visit:
#   http://bugreport.java.com/bugreport/crash.jsp
# The crash happened outside the Java Virtual Machine in native code.
# See problematic frame for where to report the bug.
#

---------------  T H R E A D  ---------------

Current thread (0x00007fcd3e92a800):  JavaThread "Thread-2" daemon [_thread_in_native, id=34335, stack(0x000000030a4b9000,0x000000030a5b9000)]

Stack: [0x000000030a4b9000,0x000000030a5b9000],  sp=0x000000030a5b7c80,  free space=1019k
Native frames: (J=compiled Java code, j=interpreted, Vv=VM code, C=native code)
V  [libjvm.dylib+0x5b6994]
V  [libjvm.dylib+0x1e9bdd]
V  [libjvm.dylib+0x4e66a8]
V  [libjvm.dylib+0x56fa72]
V  [libjvm.dylib+0x16ab3e]
V  [libjvm.dylib+0x317599]
C  [libglass.dylib+0x4791]  -[GlassRunnable dealloc]+0x31
C  [libobjc.A.dylib+0x291ee]  _ZN11objc_object17sidetable_releaseEbb+0xe8
C  [Foundation+0x8210b]  -[_NSThreadPerformInfo dealloc]+0x2a
C  [libobjc.A.dylib+0x291ee]  _ZN11objc_object17sidetable_releaseEbb+0xe8
C  [Foundation+0x4edc7]  -[NSObject(NSThreadPerformAdditions) performSelectorOnMainThread:withObject:waitUntilDone:]+0x7c
j  com.sun.glass.ui.mac.MacApplication._submitForLaterInvocation(Ljava/lang/Runnable;)V+0
j  com.sun.glass.ui.mac.MacApplication.submitForLaterInvocation(Ljava/lang/Runnable;)V+2
j  com.sun.glass.ui.InvokeLaterDispatcher.run()V+82
v  ~StubRoutines::call_stub
V  [libjvm.dylib+0x2f0d1e]
V  [libjvm.dylib+0x2f14c2]
V  [libjvm.dylib+0x2f166e]
V  [libjvm.dylib+0x34bf5d]
V  [libjvm.dylib+0x570b93]
V  [libjvm.dylib+0x57228e]
V  [libjvm.dylib+0x48f30a]
C  [libsystem_pthread.dylib+0x6514]  _pthread_start+0x7d
C  [libsystem_pthread.dylib+0x202f]  thread_start+0xf
C  0x0000000000000000

Java frames: (J=compiled Java code, j=interpreted, Vv=VM code)
j  com.sun.glass.ui.mac.MacApplication._submitForLaterInvocation(Ljava/lang/Runnable;)V+0
j  com.sun.glass.ui.mac.MacApplication.submitForLaterInvocation(Ljava/lang/Runnable;)V+2
j  com.sun.glass.ui.InvokeLaterDispatcher.run()V+82
v  ~StubRoutines::call_stub

---------------  P R O C E S S  ---------------

Java Threads: ( => current thread )
  0x00007fcd3eb3b800 JavaThread "nioEventLoopGroup-3-14" [_thread_blocked, id=164099, stack(0x000000030c62d000,0x000000030c72d000)]
  0x00007fcd3eb3a800 JavaThread "nioEventLoopGroup-3-13" [_thread_in_Java, id=165755, stack(0x000000030c52a000,0x000000030c62a000)]
  0x00007fcd181b9800 JavaThread "nioEventLoopGroup-3-12" [_thread_in_native, id=166211, stack(0x000000030c427000,0x000000030c527000)]
  0x00007fcd3ec9c000 JavaThread "RMI TCP Connection(3)-192.168.199.178" daemon [_thread_in_native, id=167515, stack(0x000000030c29b000,0x000000030c39b000)]
  0x00007fcd3dc30800 JavaThread "RMI TCP Connection(2)-192.168.199.178" daemon [_thread_in_native, id=168091, stack(0x000000030c198000,0x000000030c298000)]
  0x00007fcd3e91d800 JavaThread "Prism Font Disposer" daemon [_thread_blocked, id=167703, stack(0x000000030c095000,0x000000030c195000)]
  0x00007fcd3d6fa800 JavaThread "nioEventLoopGroup-3-11" [_thread_in_native, id=168451, stack(0x000000030bf92000,0x000000030c092000)]
  0x00007fcd3dc30000 JavaThread "nioEventLoopGroup-3-10" [_thread_in_native, id=94979, stack(0x000000030be8f000,0x000000030bf8f000)]
  0x00007fcd181a9800 JavaThread "nioEventLoopGroup-3-9" [_thread_in_native, id=169835, stack(0x000000030bd8c000,0x000000030be8c000)]
  0x00007fcd181c4000 JavaThread "nioEventLoopGroup-3-8" [_thread_in_native, id=94267, stack(0x000000030bb86000,0x000000030bc86000)]
  0x00007fcd3e90e800 JavaThread "ForkJoinPool.commonPool-worker-2" daemon [_thread_blocked, id=91531, stack(0x000000030bc89000,0x000000030bd89000)]
  0x00007fcd3d6b2800 JavaThread "http-nio-8080-Acceptor" daemon [_thread_in_native, id=171523, stack(0x000000030ba83000,0x000000030bb83000)]
  0x00007fcd3d6b1800 JavaThread "http-nio-8080-Poller" daemon [_thread_blocked, id=90803, stack(0x000000030b980000,0x000000030ba80000)]
  0x00007fcd3d697800 JavaThread "nioEventLoopGroup-3-7" [_thread_in_native, id=172035, stack(0x000000030b87d000,0x000000030b97d000)]
  0x00007fcd3d69f000 JavaThread "nioEventLoopGroup-3-6" [_thread_in_native, id=172611, stack(0x000000030b77a000,0x000000030b87a000)]
  0x00007fcd1814e800 JavaThread "nioEventLoopGroup-3-5" [_thread_in_native, id=89859, stack(0x000000030b677000,0x000000030b777000)]
  0x00007fcd2d1fa000 JavaThread "nioEventLoopGroup-3-4" [_thread_in_native, id=89091, stack(0x000000030b574000,0x000000030b674000)]
  0x00007fcd1812c000 JavaThread "nioEventLoopGroup-3-3" [_thread_in_native, id=173415, stack(0x000000030b471000,0x000000030b571000)]
  0x00007fcd3d190800 JavaThread "nioEventLoopGroup-3-2" [_thread_in_native, id=88471, stack(0x000000030b36e000,0x000000030b46e000)]
  0x00007fcd3d896800 JavaThread "pool-2-thread-1" [_thread_blocked, id=174131, stack(0x000000030b26b000,0x000000030b36b000)]
  0x00007fcd3dee2800 JavaThread "nioEventLoopGroup-3-1" [_thread_in_native, id=87587, stack(0x000000030b168000,0x000000030b268000)]
  0x00007fcd3dec1000 JavaThread "lettuce-timer-5-1" daemon [_thread_blocked, id=61507, stack(0x000000030b065000,0x000000030b165000)]
  0x00007fcd3de6f000 JavaThread "nioEventLoopGroup-2-1" [_thread_in_native, id=62231, stack(0x000000030af62000,0x000000030b062000)]
  0x00007fcd3d5a5800 JavaThread "container-0" [_thread_blocked, id=59979, stack(0x000000030ae5f000,0x000000030af5f000)]
  0x00007fcd3d184000 JavaThread "Catalina-utility-2" [_thread_blocked, id=63351, stack(0x000000030ad5c000,0x000000030ae5c000)]
  0x00007fcd3dea1800 JavaThread "Catalina-utility-1" [_thread_blocked, id=62907, stack(0x000000030ac59000,0x000000030ad59000)]
  0x00007fcd3d2f1800 JavaThread "RMI Scheduler(0)" daemon [_thread_blocked, id=57703, stack(0x000000030ab56000,0x000000030ac56000)]
  0x00007fcd3db30000 JavaThread "RMI TCP Connection(1)-192.168.199.178" daemon [_thread_in_native, id=55871, stack(0x000000030aa53000,0x000000030ab53000)]
  0x00007fcd3d321000 JavaThread "ForkJoinPool.commonPool-worker-1" daemon [_thread_blocked, id=70043, stack(0x000000030a950000,0x000000030aa50000)]
  0x00007fcd3d30f000 JavaThread "Attach Listener" daemon [_thread_blocked, id=70151, stack(0x000000030a84d000,0x000000030a94d000)]
  0x00007fcd2d311800 JavaThread "JavaFX-Launcher" [_thread_blocked, id=70663, stack(0x000000030a74a000,0x000000030a84a000)]
  0x00007fcd2d2d9800 JavaThread "Thread-4" daemon [_thread_blocked, id=47363, stack(0x000000030a5bc000,0x000000030a63c000)]
  0x00007fcd3e940000 JavaThread "JavaFX Application Thread" [_thread_in_native_trans, id=259, stack(0x000000030845d000,0x0000000308c5d000)]
=>0x00007fcd3e92a800 JavaThread "Thread-2" daemon [_thread_in_native, id=34335, stack(0x000000030a4b9000,0x000000030a5b9000)]
  0x00007fcd3da27000 JavaThread "QuantumRenderer-0" daemon [_thread_blocked, id=40327, stack(0x000000030a3b6000,0x000000030a4b6000)]
  0x00007fcd3e914000 JavaThread "RMI TCP Accept-0" daemon [_thread_in_native, id=41771, stack(0x000000030a1b0000,0x000000030a2b0000)]
  0x00007fcd3e894000 JavaThread "Service Thread" daemon [_thread_blocked, id=23567, stack(0x000000030a0ad000,0x000000030a1ad000)]
  0x00007fcd3e883800 JavaThread "C1 CompilerThread3" daemon [_thread_in_vm, id=42243, stack(0x0000000309faa000,0x000000030a0aa000)]
  0x00007fcd3e882800 JavaThread "C2 CompilerThread2" daemon [_thread_blocked, id=22787, stack(0x0000000309ea7000,0x0000000309fa7000)]
  0x00007fcd2d2a2800 JavaThread "C2 CompilerThread1" daemon [_thread_blocked, id=22275, stack(0x0000000309da4000,0x0000000309ea4000)]
  0x00007fcd3e882000 JavaThread "C2 CompilerThread0" daemon [_thread_blocked, id=22019, stack(0x0000000309ca1000,0x0000000309da1000)]
  0x00007fcd3d23f800 JavaThread "Monitor Ctrl-Break" daemon [_thread_in_native, id=21771, stack(0x0000000309b9e000,0x0000000309c9e000)]
  0x00007fcd3d815000 JavaThread "Signal Dispatcher" daemon [_thread_blocked, id=15875, stack(0x0000000309a9b000,0x0000000309b9b000)]
  0x00007fcd3d80b000 JavaThread "Finalizer" daemon [_thread_blocked, id=18691, stack(0x0000000309802000,0x0000000309902000)]
  0x00007fcd3d01b000 JavaThread "Reference Handler" daemon [_thread_blocked, id=19491, stack(0x00000003096ff000,0x00000003097ff000)]
  0x00007fcd3d809000 JavaThread "main" [_thread_blocked, id=9475, stack(0x0000000308ce1000,0x0000000308de1000)]

Other Threads:
  0x00007fcd3e83c000 VMThread [stack: 0x00000003095fc000,0x00000003096fc000] [id=19715]
  0x00007fcd3e91d000 WatcherThread [stack: 0x000000030a2b3000,0x000000030a3b3000] [id=40715]

VM state:synchronizing (normal execution)

VM Mutex/Monitor currently owned by a thread:  ([mutex/lock_event])
[0x000060000094f700] Safepoint_lock - owner thread: 0x00007fcd3e83c000
[0x000060000094f780] Threads_lock - owner thread: 0x00007fcd3e83c000

heap address: 0x0000000740000000, size: 2048 MB, Compressed Oops mode: Zero based, Oop shift amount: 3
Narrow klass base: 0x0000000000000000, Narrow klass shift: 3
Compressed class space size: 1073741824 Address: 0x00000007c0000000

Heap:
 PSYoungGen      total 332288K, used 106450K [0x0000000795580000, 0x00000007ac400000, 0x00000007c0000000)
  eden space 314368K, 33% used [0x0000000795580000,0x000000079bd74a08,0x00000007a8880000)
  from space 17920K, 0% used [0x00000007a9c00000,0x00000007a9c00000,0x00000007aad80000)
  to   space 19968K, 0% used [0x00000007a8880000,0x00000007a8880000,0x00000007a9c00000)
 ParOldGen       total 286208K, used 140224K [0x0000000740000000, 0x0000000751780000, 0x0000000795580000)
  object space 286208K, 48% used [0x0000000740000000,0x00000007488f01a8,0x0000000751780000)
 Metaspace       used 56513K, capacity 59718K, committed 59904K, reserved 1101824K
  class space    used 7782K, capacity 8416K, committed 8448K, reserved 1048576K

Card table byte_map: [0x000000010b0f1000,0x000000010b4f2000] byte_map_base: 0x00000001076f1000

Marking Bits: (ParMarkBitMap*) 0x000000010c439e40
 Begin Bits: [0x000000011c9f6000, 0x000000011e9f6000)
 End Bits:   [0x000000011e9f6000, 0x00000001209f6000)

Polling page: 0x000000010abc5000

CodeCache: size=245760Kb used=8457Kb max_used=8576Kb free=237302Kb
 bounds [0x000000010d9f6000, 0x000000010e266000, 0x000000011c9f6000]
 total_blobs=5245 nmethods=4440 adapters=719
 compilation: enabled

Compilation events (10 events):
Event: 5.835 Thread 0x00007fcd3e883800 nmethod 4515 0x000000010dc3fc50 code [0x000000010dc3fda0, 0x000000010dc3feb0]
Event: 5.839 Thread 0x00007fcd3e883800 4516       1       io.netty.channel.embedded.EmbeddedChannel::config (5 bytes)
Event: 5.840 Thread 0x00007fcd3e883800 nmethod 4516 0x000000010dda5d90 code [0x000000010dda5ee0, 0x000000010dda5ff0]
Event: 5.840 Thread 0x00007fcd3e883800 4517       1       io.netty.buffer.ReadOnlyByteBuf::unwrap (5 bytes)
Event: 5.840 Thread 0x00007fcd3e883800 nmethod 4517 0x000000010dda5ad0 code [0x000000010dda5c20, 0x000000010dda5d30]
Event: 5.840 Thread 0x00007fcd3e883800 4518       1       io.netty.util.ReferenceCountUtil::release (19 bytes)
Event: 5.840 Thread 0x00007fcd3e883800 nmethod 4518 0x000000010dda56d0 code [0x000000010dda5840, 0x000000010dda5a28]
Event: 5.855 Thread 0x00007fcd3e883800 4519       1       io.netty.channel.DefaultChannelPipeline::context0 (39 bytes)
Event: 5.857 Thread 0x00007fcd3e883800 nmethod 4519 0x000000010dda5290 code [0x000000010dda5400, 0x000000010dda55c8]
Event: 5.857 Thread 0x00007fcd3e883800 4520       1       io.netty.channel.AbstractChannelHandlerContext::<init> (62 bytes)

GC Heap History (10 events):
Event: 3.296 GC heap before
{Heap before GC invocations=7 (full 1):
 PSYoungGen      total 138240K, used 42968K [0x0000000795580000, 0x00000007a3600000, 0x00000007c0000000)
  eden space 133120K, 28% used [0x0000000795580000,0x0000000797a78f38,0x000000079d780000)
  from space 5120K, 99% used [0x000000079d780000,0x000000079dc7d108,0x000000079dc80000)
  to   space 12800K, 0% used [0x00000007a2980000,0x00000007a2980000,0x00000007a3600000)
 ParOldGen       total 54784K, used 15818K [0x0000000740000000, 0x0000000743580000, 0x0000000795580000)
  object space 54784K, 28% used [0x0000000740000000,0x0000000740f72868,0x0000000743580000)
 Metaspace       used 33811K, capacity 35376K, committed 35456K, reserved 1079296K
  class space    used 4601K, capacity 4948K, committed 4992K, reserved 1048576K
Event: 3.303 GC heap after
Heap after GC invocations=7 (full 1):
 PSYoungGen      total 217600K, used 7630K [0x0000000795580000, 0x00000007a4e00000, 0x00000007c0000000)
  eden space 204800K, 0% used [0x0000000795580000,0x0000000795580000,0x00000007a1d80000)
  from space 12800K, 59% used [0x00000007a2980000,0x00000007a30f3bd0,0x00000007a3600000)
  to   space 12288K, 0% used [0x00000007a1d80000,0x00000007a1d80000,0x00000007a2980000)
 ParOldGen       total 54784K, used 15826K [0x0000000740000000, 0x0000000743580000, 0x0000000795580000)
  object space 54784K, 28% used [0x0000000740000000,0x0000000740f74868,0x0000000743580000)
 Metaspace       used 33811K, capacity 35376K, committed 35456K, reserved 1079296K
  class space    used 4601K, capacity 4948K, committed 4992K, reserved 1048576K
}
Event: 3.303 GC heap before
{Heap before GC invocations=8 (full 2):
 PSYoungGen      total 217600K, used 7630K [0x0000000795580000, 0x00000007a4e00000, 0x00000007c0000000)
  eden space 204800K, 0% used [0x0000000795580000,0x0000000795580000,0x00000007a1d80000)
  from space 12800K, 59% used [0x00000007a2980000,0x00000007a30f3bd0,0x00000007a3600000)
  to   space 12288K, 0% used [0x00000007a1d80000,0x00000007a1d80000,0x00000007a2980000)
 ParOldGen       total 54784K, used 15826K [0x0000000740000000, 0x0000000743580000, 0x0000000795580000)
  object space 54784K, 28% used [0x0000000740000000,0x0000000740f74868,0x0000000743580000)
 Metaspace       used 33811K, capacity 35376K, committed 35456K, reserved 1079296K
  class space    used 4601K, capacity 4948K, committed 4992K, reserved 1048576K
Event: 3.340 GC heap after
Heap after GC invocations=8 (full 2):
 PSYoungGen      total 217600K, used 0K [0x0000000795580000, 0x00000007a4e00000, 0x00000007c0000000)
  eden space 204800K, 0% used [0x0000000795580000,0x0000000795580000,0x00000007a1d80000)
  from space 12800K, 0% used [0x00000007a2980000,0x00000007a2980000,0x00000007a3600000)
  to   space 12288K, 0% used [0x00000007a1d80000,0x00000007a1d80000,0x00000007a2980000)
 ParOldGen       total 77824K, used 12901K [0x0000000740000000, 0x0000000744c00000, 0x0000000795580000)
  object space 77824K, 16% used [0x0000000740000000,0x0000000740c995d8,0x0000000744c00000)
 Metaspace       used 33811K, capacity 35376K, committed 35456K, reserved 1079296K
  class space    used 4601K, capacity 4948K, committed 4992K, reserved 1048576K
}
Event: 4.525 GC heap before
{Heap before GC invocations=9 (full 2):
 PSYoungGen      total 217600K, used 204800K [0x0000000795580000, 0x00000007a4e00000, 0x00000007c0000000)
  eden space 204800K, 100% used [0x0000000795580000,0x00000007a1d80000,0x00000007a1d80000)
  from space 12800K, 0% used [0x00000007a2980000,0x00000007a2980000,0x00000007a3600000)
  to   space 12288K, 0% used [0x00000007a1d80000,0x00000007a1d80000,0x00000007a2980000)
 ParOldGen       total 77824K, used 12901K [0x0000000740000000, 0x0000000744c00000, 0x0000000795580000)
  object space 77824K, 16% used [0x0000000740000000,0x0000000740c995d8,0x0000000744c00000)
 Metaspace       used 48700K, capacity 51474K, committed 51712K, reserved 1093632K
  class space    used 6569K, capacity 7113K, committed 7168K, reserved 1048576K
Event: 4.536 GC heap after
Heap after GC invocations=9 (full 2):
 PSYoungGen      total 217088K, used 12267K [0x0000000795580000, 0x00000007aad80000, 0x00000007c0000000)
  eden space 204800K, 0% used [0x0000000795580000,0x0000000795580000,0x00000007a1d80000)
  from space 12288K, 99% used [0x00000007a1d80000,0x00000007a297ac78,0x00000007a2980000)
  to   space 17920K, 0% used [0x00000007a9c00000,0x00000007a9c00000,0x00000007aad80000)
 ParOldGen       total 77824K, used 20593K [0x0000000740000000, 0x0000000744c00000, 0x0000000795580000)
  object space 77824K, 26% used [0x0000000740000000,0x000000074141c550,0x0000000744c00000)
 Metaspace       used 48700K, capacity 51474K, committed 51712K, reserved 1093632K
  class space    used 6569K, capacity 7113K, committed 7168K, reserved 1048576K
}
Event: 5.200 GC heap before
{Heap before GC invocations=10 (full 2):
 PSYoungGen      total 217088K, used 202437K [0x0000000795580000, 0x00000007aad80000, 0x00000007c0000000)
  eden space 204800K, 92% used [0x0000000795580000,0x00000007a0f36b20,0x00000007a1d80000)
  from space 12288K, 99% used [0x00000007a1d80000,0x00000007a297ac78,0x00000007a2980000)
  to   space 17920K, 0% used [0x00000007a9c00000,0x00000007a9c00000,0x00000007aad80000)
 ParOldGen       total 77824K, used 20593K [0x0000000740000000, 0x0000000744c00000, 0x0000000795580000)
  object space 77824K, 26% used [0x0000000740000000,0x000000074141c550,0x0000000744c00000)
 Metaspace       used 55011K, capacity 58198K, committed 58368K, reserved 1099776K
  class space    used 7522K, capacity 8140K, committed 8192K, reserved 1048576K
Event: 5.244 GC heap after
Heap after GC invocations=10 (full 2):
 PSYoungGen      total 332288K, used 16099K [0x0000000795580000, 0x00000007ac400000, 0x00000007c0000000)
  eden space 314368K, 0% used [0x0000000795580000,0x0000000795580000,0x00000007a8880000)
  from space 17920K, 89% used [0x00000007a9c00000,0x00000007aabb8f20,0x00000007aad80000)
  to   space 19968K, 0% used [0x00000007a8880000,0x00000007a8880000,0x00000007a9c00000)
 ParOldGen       total 179200K, used 168057K [0x0000000740000000, 0x000000074af00000, 0x0000000795580000)
  object space 179200K, 93% used [0x0000000740000000,0x000000074a41e5e0,0x000000074af00000)
 Metaspace       used 55011K, capacity 58198K, committed 58368K, reserved 1099776K
  class space    used 7522K, capacity 8140K, committed 8192K, reserved 1048576K
}
Event: 5.244 GC heap before
{Heap before GC invocations=11 (full 3):
 PSYoungGen      total 332288K, used 16099K [0x0000000795580000, 0x00000007ac400000, 0x00000007c0000000)
  eden space 314368K, 0% used [0x0000000795580000,0x0000000795580000,0x00000007a8880000)
  from space 17920K, 89% used [0x00000007a9c00000,0x00000007aabb8f20,0x00000007aad80000)
  to   space 19968K, 0% used [0x00000007a8880000,0x00000007a8880000,0x00000007a9c00000)
 ParOldGen       total 179200K, used 168057K [0x0000000740000000, 0x000000074af00000, 0x0000000795580000)
  object space 179200K, 93% used [0x0000000740000000,0x000000074a41e5e0,0x000000074af00000)
 Metaspace       used 55011K, capacity 58198K, committed 58368K, reserved 1099776K
  class space    used 7522K, capacity 8140K, committed 8192K, reserved 1048576K
Event: 5.340 GC heap after
Heap after GC invocations=11 (full 3):
 PSYoungGen      total 332288K, used 0K [0x0000000795580000, 0x00000007ac400000, 0x00000007c0000000)
  eden space 314368K, 0% used [0x0000000795580000,0x0000000795580000,0x00000007a8880000)
  from space 17920K, 0% used [0x00000007a9c00000,0x00000007a9c00000,0x00000007aad80000)
  to   space 19968K, 0% used [0x00000007a8880000,0x00000007a8880000,0x00000007a9c00000)
 ParOldGen       total 286208K, used 140224K [0x0000000740000000, 0x0000000751780000, 0x0000000795580000)
  object space 286208K, 48% used [0x0000000740000000,0x00000007488f01a8,0x0000000751780000)
 Metaspace       used 55011K, capacity 58198K, committed 58368K, reserved 1099776K
  class space    used 7522K, capacity 8140K, committed 8192K, reserved 1048576K
}

Deoptimization events (0 events):
No events

Classes redefined (0 events):
No events

Internal exceptions (10 events):
Event: 4.869 Thread 0x00007fcd3d321000 Exception <a 'java/lang/ArrayIndexOutOfBoundsException'> (0x000000079f3c1d68) thrown at [/Users/java_re/workspace/8-2-build-macosx-x86_64/jdk8u211/12973/hotspot/src/share/vm/runtime/sharedRuntime.cpp, line 605]
Event: 4.869 Thread 0x00007fcd3d321000 Exception <a 'java/lang/ArrayIndexOutOfBoundsException'> (0x000000079f3c41f0) thrown at [/Users/java_re/workspace/8-2-build-macosx-x86_64/jdk8u211/12973/hotspot/src/share/vm/runtime/sharedRuntime.cpp, line 605]
Event: 4.869 Thread 0x00007fcd3d321000 Exception <a 'java/lang/ArrayIndexOutOfBoundsException'> (0x000000079f3c6698) thrown at [/Users/java_re/workspace/8-2-build-macosx-x86_64/jdk8u211/12973/hotspot/src/share/vm/runtime/sharedRuntime.cpp, line 605]
Event: 4.869 Thread 0x00007fcd3d321000 Exception <a 'java/lang/ArrayIndexOutOfBoundsException'> (0x000000079f3c7f60) thrown at [/Users/java_re/workspace/8-2-build-macosx-x86_64/jdk8u211/12973/hotspot/src/share/vm/runtime/sharedRuntime.cpp, line 605]
Event: 4.899 Thread 0x00007fcd3d321000 Exception <a 'java/lang/ArrayIndexOutOfBoundsException'> (0x000000079f45f658) thrown at [/Users/java_re/workspace/8-2-build-macosx-x86_64/jdk8u211/12973/hotspot/src/share/vm/runtime/sharedRuntime.cpp, line 605]
Event: 4.904 Thread 0x00007fcd3d321000 Exception <a 'java/lang/ArrayIndexOutOfBoundsException'> (0x000000079f7eded8) thrown at [/Users/java_re/workspace/8-2-build-macosx-x86_64/jdk8u211/12973/hotspot/src/share/vm/runtime/sharedRuntime.cpp, line 605]
Event: 4.938 Thread 0x00007fcd3e940000 Exception <a 'java/lang/NullPointerException'> (0x000000079fd193d8) thrown at [/Users/java_re/workspace/8-2-build-macosx-x86_64/jdk8u211/12973/hotspot/src/share/vm/interpreter/linkResolver.cpp, line 1185]
Event: 4.938 Thread 0x00007fcd3e940000 Exception <a 'java/lang/NullPointerException'> (0x000000079fd193d8) thrown at [/Users/java_re/workspace/8-2-build-macosx-x86_64/jdk8u211/12973/hotspot/src/share/vm/prims/jvm.cpp, line 1506]
Event: 5.006 Thread 0x00007fcd3e940000 Exception <a 'java/lang/ArrayIndexOutOfBoundsException'> (0x00000007a02893a8) thrown at [/Users/java_re/workspace/8-2-build-macosx-x86_64/jdk8u211/12973/hotspot/src/share/vm/runtime/sharedRuntime.cpp, line 605]
Event: 5.007 Thread 0x00007fcd3e940000 Exception <a 'java/lang/ArrayIndexOutOfBoundsException'> (0x00000007a028a768) thrown at [/Users/java_re/workspace/8-2-build-macosx-x86_64/jdk8u211/12973/hotspot/src/share/vm/runtime/sharedRuntime.cpp, line 605]

Events (10 events):
Event: 5.854 Executing VM operation: RevokeBias done
Event: 5.854 Executing VM operation: RevokeBias
Event: 5.855 Executing VM operation: RevokeBias done
Event: 5.855 Executing VM operation: RevokeBias
Event: 5.855 Executing VM operation: RevokeBias done
Event: 5.855 Executing VM operation: RevokeBias
Event: 5.855 Executing VM operation: RevokeBias done
Event: 5.855 Executing VM operation: RevokeBias
Event: 5.855 Executing VM operation: RevokeBias done
Event: 5.858 Executing VM operation: RevokeBias


Dynamic libraries:
0x00007ff82a514000 	/System/Library/Frameworks/Cocoa.framework/Versions/A/Cocoa
0x00007ff815db5000 	/System/Library/Frameworks/AppKit.framework/Versions/C/AppKit
0x00007ff819305000 	/System/Library/Frameworks/CoreData.framework/Versions/A/CoreData
0x00007ff8141d0000 	/System/Library/Frameworks/Foundation.framework/Versions/C/Foundation
0x00007ff81e5f8000 	/usr/lib/libSystem.B.dylib
0x00007ff816c42000 	/System/Library/PrivateFrameworks/UIFoundation.framework/Versions/A/UIFoundation
0x00007ff8244ec000 	/System/Library/PrivateFrameworks/RemoteViewServices.framework/Versions/A/RemoteViewServices
0x00007ff81c7eb000 	/System/Library/PrivateFrameworks/XCTTargetBootstrap.framework/Versions/A/XCTTargetBootstrap
0x00007ff8204c3000 	/System/Library/PrivateFrameworks/InternationalSupport.framework/Versions/A/InternationalSupport
0x00007ff82054d000 	/System/Library/PrivateFrameworks/UserActivity.framework/Versions/A/UserActivity
0x00007ff81f8aa000 	/usr/lib/libspindump.dylib
0x00007ff816ed0000 	/System/Library/Frameworks/UniformTypeIdentifiers.framework/Versions/A/UniformTypeIdentifiers
0x00007ff81af2a000 	/usr/lib/libapp_launch_measurement.dylib
0x00007ff819cdf000 	/System/Library/PrivateFrameworks/CoreAnalytics.framework/Versions/A/CoreAnalytics
0x00007ff81af2d000 	/System/Library/PrivateFrameworks/CoreAutoLayout.framework/Versions/A/CoreAutoLayout
0x00007ff81c14c000 	/System/Library/Frameworks/Metal.framework/Versions/A/Metal
0x00007ff81ce63000 	/usr/lib/liblangid.dylib
0x00007ff81c7ef000 	/System/Library/PrivateFrameworks/CoreSVG.framework/Versions/A/CoreSVG
0x00007ff818292000 	/System/Library/PrivateFrameworks/SkyLight.framework/Versions/A/SkyLight
0x00007ff818623000 	/System/Library/Frameworks/CoreGraphics.framework/Versions/A/CoreGraphics
0x00007ff824b57000 	/System/Library/Frameworks/Accelerate.framework/Versions/A/Accelerate
0x00007ff81f325000 	/System/Library/PrivateFrameworks/IconServices.framework/Versions/A/IconServices
0x00007ff81c131000 	/System/Library/Frameworks/IOSurface.framework/Versions/A/IOSurface
0x00007ff819d0d000 	/usr/lib/libDiagnosticMessagesClient.dylib
0x00007ff81e512000 	/usr/lib/libz.1.dylib
0x00007ff8281b6000 	/System/Library/Frameworks/ApplicationServices.framework/Versions/A/ApplicationServices
0x00007ff81c7d7000 	/System/Library/PrivateFrameworks/DFRFoundation.framework/Versions/A/DFRFoundation
0x00007ff8156a6000 	/usr/lib/libicucore.A.dylib
0x00007ff8211e5000 	/System/Library/Frameworks/AudioToolbox.framework/Versions/A/AudioToolbox
0x00007ff8204cf000 	/System/Library/PrivateFrameworks/DataDetectorsCore.framework/Versions/A/DataDetectorsCore
0x00007ff91bc64000 	/System/Library/PrivateFrameworks/TextInput.framework/Versions/A/TextInput
0x00007ff818215000 	/usr/lib/libMobileGestalt.dylib
0x00007ff81c4df000 	/System/Library/Frameworks/Carbon.framework/Versions/A/Frameworks/HIToolbox.framework/Versions/A/HIToolbox
0x00007ff81a958000 	/System/Library/Frameworks/QuartzCore.framework/Versions/A/QuartzCore
0x00007ff815347000 	/System/Library/Frameworks/Security.framework/Versions/A/Security
0x00007ff824524000 	/System/Library/Frameworks/Carbon.framework/Versions/A/Frameworks/SpeechRecognition.framework/Versions/A/SpeechRecognition
0x00007ff81ac8a000 	/System/Library/PrivateFrameworks/CoreUI.framework/Versions/A/CoreUI
0x00007ff814c21000 	/System/Library/Frameworks/CoreAudio.framework/Versions/A/CoreAudio
0x00007ff819dfb000 	/System/Library/Frameworks/DiskArbitration.framework/Versions/A/DiskArbitration
0x00007ff81fc8d000 	/System/Library/PrivateFrameworks/MultitouchSupport.framework/Versions/A/MultitouchSupport
0x00007ff818214000 	/usr/lib/libenergytrace.dylib
0x00007ff815ca1000 	/System/Library/Frameworks/IOKit.framework/Versions/A/IOKit
0x00007ff82490e000 	/System/Library/Frameworks/CoreServices.framework/Versions/A/CoreServices
0x00007ff81aec4000 	/System/Library/PrivateFrameworks/PerformanceAnalysis.framework/Versions/A/PerformanceAnalysis
0x00007ffa2b6d3000 	/System/Library/Frameworks/OpenGL.framework/Versions/A/OpenGL
0x00007ff81db4a000 	/System/Library/PrivateFrameworks/MobileKeyBag.framework/Versions/A/MobileKeyBag
0x00007ff813268000 	/usr/lib/libobjc.A.dylib
0x00007ff818d52000 	/System/Library/Frameworks/ColorSync.framework/Versions/A/ColorSync
0x00007ff813424000 	/System/Library/Frameworks/CoreFoundation.framework/Versions/A/CoreFoundation
0x00007ff81ca6a000 	/System/Library/Frameworks/CoreImage.framework/Versions/A/CoreImage
0x00007ff814a37000 	/System/Library/Frameworks/CoreText.framework/Versions/A/CoreText
0x00007ff81c81e000 	/System/Library/Frameworks/ImageIO.framework/Versions/A/ImageIO
0x00007ff81e5fe000 	/System/Library/PrivateFrameworks/SoftLinking.framework/Versions/A/SoftLinking
0x00007ff81af75000 	/usr/lib/libxml2.2.dylib
0x00007ff813331000 	/usr/lib/libc++.1.dylib
0x00007ff81e87e000 	/usr/lib/libcompression.dylib
0x00007ff8203f9000 	/System/Library/PrivateFrameworks/TextureIO.framework/Versions/A/TextureIO
0x00007ff81ef9e000 	/usr/lib/libate.dylib
0x00007ff81e5f3000 	/usr/lib/system/libcache.dylib
0x00007ff81e5af000 	/usr/lib/system/libcommonCrypto.dylib
0x00007ff81e5d8000 	/usr/lib/system/libcompiler_rt.dylib
0x00007ff81e5ce000 	/usr/lib/system/libcopyfile.dylib
0x00007ff813162000 	/usr/lib/system/libcorecrypto.dylib
0x00007ff813221000 	/usr/lib/system/libdispatch.dylib
0x00007ff8133e3000 	/usr/lib/system/libdyld.dylib
0x00007ff81e5ea000 	/usr/lib/system/libkeymgr.dylib
0x00007ff81e58d000 	/usr/lib/system/libmacho.dylib
0x00007ff81dc1e000 	/usr/lib/system/libquarantine.dylib
0x00007ff81e5e8000 	/usr/lib/system/libremovefile.dylib
0x00007ff818261000 	/usr/lib/system/libsystem_asl.dylib
0x00007ff813110000 	/usr/lib/system/libsystem_blocks.dylib
0x00007ff8132a8000 	/usr/lib/system/libsystem_c.dylib
0x00007ff81e5e0000 	/usr/lib/system/libsystem_collections.dylib
0x00007ff81ce54000 	/usr/lib/system/libsystem_configuration.dylib
0x00007ff81c114000 	/usr/lib/system/libsystem_containermanager.dylib
0x00007ff81e2c6000 	/usr/lib/system/libsystem_coreservices.dylib
0x00007ff81592f000 	/usr/lib/system/libsystem_darwin.dylib
0x00007ff81e5eb000 	/usr/lib/system/libsystem_dnssd.dylib
0x00007ff8132a5000 	/usr/lib/system/libsystem_featureflags.dylib
0x00007ff8133f9000 	/usr/lib/system/libsystem_info.dylib
0x00007ff81e525000 	/usr/lib/system/libsystem_m.dylib
0x00007ff8131f5000 	/usr/lib/system/libsystem_malloc.dylib
0x00007ff8181fe000 	/usr/lib/system/libsystem_networkextension.dylib
0x00007ff815d57000 	/usr/lib/system/libsystem_notify.dylib
0x00007ff8247e5000 	/usr/lib/system/libsystem_product_info_filter.dylib
0x00007ff81ce58000 	/usr/lib/system/libsystem_sandbox.dylib
0x00007ff81e5e5000 	/usr/lib/system/libsystem_secinit.dylib
0x00007ff8133a0000 	/usr/lib/system/libsystem_kernel.dylib
0x00007ff8133ef000 	/usr/lib/system/libsystem_platform.dylib
0x00007ff8133d7000 	/usr/lib/system/libsystem_pthread.dylib
0x00007ff819b25000 	/usr/lib/system/libsystem_symptoms.dylib
0x00007ff813149000 	/usr/lib/system/libsystem_trace.dylib
0x00007ff81e5bb000 	/usr/lib/system/libunwind.dylib
0x00007ff813112000 	/usr/lib/system/libxpc.dylib
0x00007ff81338a000 	/usr/lib/libc++abi.dylib
0x00007ff81e5c6000 	/usr/lib/liboah.dylib
0x00007ff81ed57000 	/usr/lib/liblzma.5.dylib
0x00007ff813ee1000 	/System/Library/Frameworks/SystemConfiguration.framework/Versions/A/SystemConfiguration
0x00007ff81e5fa000 	/usr/lib/libfakelink.dylib
0x00007ff817d68000 	/System/Library/Frameworks/CFNetwork.framework/Versions/A/CFNetwork
0x00007ff81e739000 	/usr/lib/libarchive.2.dylib
0x00007ff81ce5f000 	/System/Library/PrivateFrameworks/AppleSystemInfo.framework/Versions/A/AppleSystemInfo
0x00007ff81dc44000 	/usr/lib/libbsm.0.dylib
0x00007ff81739f000 	/usr/lib/libnetwork.dylib
0x00007ff81e593000 	/usr/lib/system/libkxld.dylib
0x00007ff81d873000 	/System/Library/PrivateFrameworks/IOMobileFramebuffer.framework/Versions/A/IOMobileFramebuffer
0x00007ffb29075000 	/usr/lib/libCoreEntitlements.dylib
0x00007ff81e2a8000 	/System/Library/PrivateFrameworks/AppleFSCompression.framework/Versions/A/AppleFSCompression
0x00007ff81dc2d000 	/usr/lib/libcoretls.dylib
0x00007ff81ed71000 	/usr/lib/libcoretls_cfhelpers.dylib
0x00007ff81e879000 	/usr/lib/libpam.2.dylib
0x00007ff81974b000 	/usr/lib/libsqlite3.dylib
0x00007ff81ede0000 	/usr/lib/libxar.1.dylib
0x00007ff81e2b8000 	/usr/lib/libbz2.1.0.dylib
0x00007ff81e5ff000 	/usr/lib/libpcap.A.dylib
0x00007ff819b1c000 	/usr/lib/libdns_services.dylib
0x00007ff81e84b000 	/usr/lib/libapple_nghttp2.dylib
0x00007ff81e636000 	/usr/lib/libiconv.2.dylib
0x00007ff81e58c000 	/usr/lib/libcharset.1.dylib
0x00007ff81aef8000 	/System/Library/Frameworks/CoreServices.framework/Versions/A/Frameworks/FSEvents.framework/Versions/A/FSEvents
0x00007ff815939000 	/System/Library/Frameworks/CoreServices.framework/Versions/A/Frameworks/CarbonCore.framework/Versions/A/CarbonCore
0x00007ff819d60000 	/System/Library/Frameworks/CoreServices.framework/Versions/A/Frameworks/Metadata.framework/Versions/A/Metadata
0x00007ff81e2cb000 	/System/Library/Frameworks/CoreServices.framework/Versions/A/Frameworks/OSServices.framework/Versions/A/OSServices
0x00007ff81e7bf000 	/System/Library/Frameworks/CoreServices.framework/Versions/A/Frameworks/SearchKit.framework/Versions/A/SearchKit
0x00007ff819aae000 	/System/Library/Frameworks/CoreServices.framework/Versions/A/Frameworks/AE.framework/Versions/A/AE
0x00007ff813925000 	/System/Library/Frameworks/CoreServices.framework/Versions/A/Frameworks/LaunchServices.framework/Versions/A/LaunchServices
0x00007ff81ed08000 	/System/Library/Frameworks/CoreServices.framework/Versions/A/Frameworks/DictionaryServices.framework/Versions/A/DictionaryServices
0x00007ff81af05000 	/System/Library/Frameworks/CoreServices.framework/Versions/A/Frameworks/SharedFileList.framework/Versions/A/SharedFileList
0x00007ff81dc21000 	/usr/lib/libCheckFix.dylib
0x00007ff818278000 	/System/Library/PrivateFrameworks/TCC.framework/Versions/A/TCC
0x00007ff81ce65000 	/System/Library/PrivateFrameworks/CoreNLP.framework/Versions/A/CoreNLP
0x00007ff819d10000 	/System/Library/PrivateFrameworks/MetadataUtilities.framework/Versions/A/MetadataUtilities
0x00007ff813f91000 	/usr/lib/libmecabra.dylib
0x00007ff81dc54000 	/usr/lib/libmecab.dylib
0x00007ff813f5c000 	/usr/lib/libCRFSuite.dylib
0x00007ff81dcb1000 	/usr/lib/libgermantok.dylib
0x00007ff81e826000 	/usr/lib/libThaiTokenizer.dylib
0x00007ff819e02000 	/System/Library/Frameworks/Accelerate.framework/Versions/A/Frameworks/vImage.framework/Versions/A/vImage
0x00007ff8248e5000 	/System/Library/Frameworks/Accelerate.framework/Versions/A/Frameworks/vecLib.framework/Versions/A/vecLib
0x00007ff81ee21000 	/System/Library/Frameworks/Accelerate.framework/Versions/A/Frameworks/vecLib.framework/Versions/A/libvMisc.dylib
0x00007ff81d667000 	/System/Library/Frameworks/Accelerate.framework/Versions/A/Frameworks/vecLib.framework/Versions/A/libvDSP.dylib
0x00007ff813c9d000 	/System/Library/Frameworks/Accelerate.framework/Versions/A/Frameworks/vecLib.framework/Versions/A/libBLAS.dylib
0x00007ff81e95b000 	/System/Library/Frameworks/Accelerate.framework/Versions/A/Frameworks/vecLib.framework/Versions/A/libLAPACK.dylib
0x00007ff81dcb4000 	/System/Library/Frameworks/Accelerate.framework/Versions/A/Frameworks/vecLib.framework/Versions/A/libLinearAlgebra.dylib
0x00007ff81e864000 	/System/Library/Frameworks/Accelerate.framework/Versions/A/Frameworks/vecLib.framework/Versions/A/libSparseBLAS.dylib
0x00007ff81e955000 	/System/Library/Frameworks/Accelerate.framework/Versions/A/Frameworks/vecLib.framework/Versions/A/libQuadrature.dylib
0x00007ff81cf4f000 	/System/Library/Frameworks/Accelerate.framework/Versions/A/Frameworks/vecLib.framework/Versions/A/libBNNS.dylib
0x00007ff813e72000 	/System/Library/Frameworks/Accelerate.framework/Versions/A/Frameworks/vecLib.framework/Versions/A/libSparse.dylib
0x00007ff81cf48000 	/System/Library/PrivateFrameworks/LinguisticData.framework/Versions/A/LinguisticData
0x00007ff813e27000 	/System/Library/PrivateFrameworks/Lexicon.framework/Versions/A/Lexicon
0x00007ff81ee1a000 	/usr/lib/libChineseTokenizer.dylib
0x00007ff81458b000 	/System/Library/PrivateFrameworks/LanguageModeling.framework/Versions/A/LanguageModeling
0x00007ff81e828000 	/System/Library/PrivateFrameworks/AppleSauce.framework/Versions/A/AppleSauce
0x00007ff81d861000 	/System/Library/PrivateFrameworks/CoreEmoji.framework/Versions/A/CoreEmoji
0x00007ff81e728000 	/usr/lib/libcmph.dylib
0x00007ff81aedc000 	/System/Library/Frameworks/OpenDirectory.framework/Versions/A/Frameworks/CFOpenDirectory.framework/Versions/A/CFOpenDirectory
0x00007ff81aed0000 	/System/Library/Frameworks/OpenDirectory.framework/Versions/A/OpenDirectory
0x00007ff81ed73000 	/System/Library/PrivateFrameworks/APFS.framework/Versions/A/APFS
0x00007ff81db82000 	/System/Library/Frameworks/SecurityFoundation.framework/Versions/A/SecurityFoundation
0x00007ff81edee000 	/usr/lib/libutil.dylib
0x00007ff815c64000 	/System/Library/PrivateFrameworks/CoreServicesStore.framework/Versions/A/CoreServicesStore
0x00007ff81edf2000 	/usr/lib/libxslt.1.dylib
0x00007ff81dc0f000 	/System/Library/PrivateFrameworks/BackgroundTaskManagement.framework/Versions/A/BackgroundTaskManagement
0x00007ff82031b000 	/System/Library/Frameworks/ImageIO.framework/Versions/A/Resources/libRadiance.dylib
0x00007ff820324000 	/System/Library/Frameworks/ImageIO.framework/Versions/A/Resources/libJPEG.dylib
0x00007ff820275000 	/System/Library/Frameworks/ImageIO.framework/Versions/A/Resources/libPng.dylib
0x00007ff820296000 	/System/Library/Frameworks/ImageIO.framework/Versions/A/Resources/libTIFF.dylib
0x00007ff820382000 	/System/Library/Frameworks/ImageIO.framework/Versions/A/Resources/libGIF.dylib
0x00007ff81fbaa000 	/System/Library/Frameworks/ImageIO.framework/Versions/A/Resources/libJP2.dylib
0x00007ff81f2ec000 	/usr/lib/libexpat.1.dylib
0x00007ff81fb5f000 	/System/Library/PrivateFrameworks/AppleJPEG.framework/Versions/A/AppleJPEG
0x00007ff81c3a6000 	/System/Library/PrivateFrameworks/FontServices.framework/libFontParser.dylib
0x00007ff819a58000 	/System/Library/PrivateFrameworks/RunningBoardServices.framework/Versions/A/RunningBoardServices
0x00007ff82aa85000 	/System/Library/PrivateFrameworks/IOSurfaceAccelerator.framework/Versions/A/IOSurfaceAccelerator
0x00007ff81fc89000 	/System/Library/PrivateFrameworks/WatchdogClient.framework/Versions/A/WatchdogClient
0x00007ff81467a000 	/System/Library/Frameworks/CoreDisplay.framework/Versions/A/CoreDisplay
0x00007ff81c2a6000 	/System/Library/Frameworks/CoreMedia.framework/Versions/A/CoreMedia
0x00007ff81c143000 	/System/Library/PrivateFrameworks/IOAccelerator.framework/Versions/A/IOAccelerator
0x00007ff81b058000 	/System/Library/Frameworks/CoreVideo.framework/Versions/A/CoreVideo
0x00007ff81e877000 	/System/Library/Frameworks/MetalPerformanceShaders.framework/Versions/A/MetalPerformanceShaders
0x00007ff81fcc4000 	/System/Library/Frameworks/VideoToolbox.framework/Versions/A/VideoToolbox
0x00007ff8199a0000 	/System/Library/PrivateFrameworks/BaseBoard.framework/Versions/A/BaseBoard
0x00007ff819731000 	/System/Library/PrivateFrameworks/ProtocolBuffer.framework/Versions/A/ProtocolBuffer
0x00007ff820314000 	/System/Library/PrivateFrameworks/GPUWrangler.framework/Versions/A/GPUWrangler
0x00007ff8202f7000 	/System/Library/PrivateFrameworks/IOPresentment.framework/Versions/A/IOPresentment
0x00007ff82031e000 	/System/Library/PrivateFrameworks/DSExternalDisplay.framework/Versions/A/DSExternalDisplay
0x00007ffa2b6c7000 	/System/Library/Frameworks/OpenGL.framework/Versions/A/Libraries/libCoreFSCache.dylib
0x00007ffb17674000 	/System/Library/PrivateFrameworks/GPUCompiler.framework/Versions/31001/Libraries/libGPUCompilerUtils.dylib
0x00007ff820387000 	/System/Library/PrivateFrameworks/CMCaptureCore.framework/Versions/A/CMCaptureCore
0x00007ff81f898000 	/System/Library/PrivateFrameworks/AppServerSupport.framework/Versions/A/AppServerSupport
0x00007ff821a62000 	/System/Library/PrivateFrameworks/perfdata.framework/Versions/A/perfdata
0x00007ff8147a6000 	/System/Library/PrivateFrameworks/AudioToolboxCore.framework/Versions/A/AudioToolboxCore
0x00007ff81c283000 	/System/Library/PrivateFrameworks/caulk.framework/Versions/A/caulk
0x00007ff82138f000 	/usr/lib/libAudioStatistics.dylib
0x00007ff918523000 	/System/Library/PrivateFrameworks/SystemPolicy.framework/Versions/A/SystemPolicy
0x00007ff8215db000 	/usr/lib/libSMC.dylib
0x00007ff82a3c7000 	/System/Library/Frameworks/CoreMIDI.framework/Versions/A/CoreMIDI
0x00007ff820245000 	/usr/lib/libAudioToolboxUtility.dylib
0x00007ff9149ab000 	/System/Library/PrivateFrameworks/OSAServicesClient.framework/Versions/A/OSAServicesClient
0x00007ff821a6f000 	/usr/lib/libperfcheck.dylib
0x00007ff918faf000 	/usr/lib/libmis.dylib
0x00007ffa2b723000 	/System/Library/Frameworks/OpenGL.framework/Versions/A/Libraries/libGLU.dylib
0x00007ffa2b6e6000 	/System/Library/Frameworks/OpenGL.framework/Versions/A/Libraries/libGFXShared.dylib
0x00007ffa2b8f4000 	/System/Library/Frameworks/OpenGL.framework/Versions/A/Libraries/libGL.dylib
0x00007ffa2b6ef000 	/System/Library/Frameworks/OpenGL.framework/Versions/A/Libraries/libGLImage.dylib
0x00007ffa2b6e3000 	/System/Library/Frameworks/OpenGL.framework/Versions/A/Libraries/libCVMSPluginSupport.dylib
0x00007ffa2b6ce000 	/System/Library/Frameworks/OpenGL.framework/Versions/A/Libraries/libCoreVMClient.dylib
0x00007ff81cde3000 	/System/Library/Frameworks/MetalPerformanceShaders.framework/Versions/A/Frameworks/MPSCore.framework/Versions/A/MPSCore
0x00007ff81e213000 	/System/Library/Frameworks/MetalPerformanceShaders.framework/Versions/A/Frameworks/MPSImage.framework/Versions/A/MPSImage
0x00007ff81dcca000 	/System/Library/Frameworks/MetalPerformanceShaders.framework/Versions/A/Frameworks/MPSNeuralNetwork.framework/Versions/A/MPSNeuralNetwork
0x00007ff81e13f000 	/System/Library/Frameworks/MetalPerformanceShaders.framework/Versions/A/Frameworks/MPSMatrix.framework/Versions/A/MPSMatrix
0x00007ff81defb000 	/System/Library/Frameworks/MetalPerformanceShaders.framework/Versions/A/Frameworks/MPSRayIntersector.framework/Versions/A/MPSRayIntersector
0x00007ff81e178000 	/System/Library/Frameworks/MetalPerformanceShaders.framework/Versions/A/Frameworks/MPSNDArray.framework/Versions/A/MPSNDArray
0x00007ffa302cc000 	/System/Library/Frameworks/MetalPerformanceShaders.framework/Versions/A/Frameworks/MPSFunctions.framework/Versions/A/MPSFunctions
0x00007ff813b80000 	/System/Library/PrivateFrameworks/MetalTools.framework/Versions/A/MetalTools
0x00007ff81ce5d000 	/System/Library/PrivateFrameworks/AggregateDictionary.framework/Versions/A/AggregateDictionary
0x00007ff81f0ce000 	/usr/lib/libIOReport.dylib
0x00007ffa2cd03000 	/System/Library/Frameworks/OpenCL.framework/Versions/A/OpenCL
0x00007ff81f432000 	/System/Library/PrivateFrameworks/FaceCore.framework/Versions/A/FaceCore
0x00007ff81f423000 	/System/Library/PrivateFrameworks/GraphVisualizer.framework/Versions/A/GraphVisualizer
0x00007ffb1757f000 	/System/Library/PrivateFrameworks/FontServices.framework/Versions/A/FontServices
0x00007ff81f84f000 	/System/Library/PrivateFrameworks/OTSVG.framework/Versions/A/OTSVG
0x00007ff81ac40000 	/System/Library/Frameworks/ApplicationServices.framework/Versions/A/Frameworks/ATS.framework/Versions/A/Resources/libFontRegistry.dylib
0x00007ff81f8a0000 	/System/Library/PrivateFrameworks/FontServices.framework/libhvf.dylib
0x00007ffb17580000 	/System/Library/PrivateFrameworks/FontServices.framework/libXTFontStaticRegistryData.dylib
0x00007ff81f29c000 	/System/Library/PrivateFrameworks/AppleVA.framework/Versions/A/AppleVA
0x00007ff8213af000 	/System/Library/Frameworks/ApplicationServices.framework/Versions/A/Frameworks/ATS.framework/Versions/A/ATS
0x00007ff818e4e000 	/System/Library/Frameworks/ApplicationServices.framework/Versions/A/Frameworks/HIServices.framework/Versions/A/HIServices
0x00007ff820391000 	/System/Library/Frameworks/ApplicationServices.framework/Versions/A/Frameworks/PrintCore.framework/Versions/A/PrintCore
0x00007ff82172e000 	/System/Library/Frameworks/ApplicationServices.framework/Versions/A/Frameworks/QD.framework/Versions/A/QD
0x00007ff821726000 	/System/Library/Frameworks/ApplicationServices.framework/Versions/A/Frameworks/ColorSyncLegacy.framework/Versions/A/ColorSyncLegacy
0x00007ff82139f000 	/System/Library/Frameworks/ApplicationServices.framework/Versions/A/Frameworks/SpeechSynthesis.framework/Versions/A/SpeechSynthesis
0x00007ff820352000 	/System/Library/Frameworks/ApplicationServices.framework/Versions/A/Frameworks/ATSUI.framework/Versions/A/ATSUI
0x00007ff8216bb000 	/usr/lib/libcups.2.dylib
0x00007ff821a7e000 	/System/Library/Frameworks/Kerberos.framework/Versions/A/Kerberos
0x00007ff821a8d000 	/System/Library/Frameworks/GSS.framework/Versions/A/GSS
0x00007ff82141b000 	/usr/lib/libresolv.9.dylib
0x00007ff81f8af000 	/System/Library/PrivateFrameworks/Heimdal.framework/Versions/A/Heimdal
0x00007ff828531000 	/System/Library/Frameworks/Kerberos.framework/Versions/A/Libraries/libHeimdalProxy.dylib
0x00007ff819b2d000 	/System/Library/Frameworks/Network.framework/Versions/A/Network
0x00007ff81f306000 	/usr/lib/libheimdal-asn1.dylib
0x00007ff821ad8000 	/System/Library/PrivateFrameworks/CommonAuth.framework/Versions/A/CommonAuth
0x00007ff821320000 	/System/Library/PrivateFrameworks/AudioSession.framework/Versions/A/AudioSession
0x00007ff81f396000 	/System/Library/PrivateFrameworks/MediaExperience.framework/Versions/A/MediaExperience
0x00007ff8211b4000 	/System/Library/PrivateFrameworks/AudioSession.framework/libSessionUtility.dylib
0x00007ff82173a000 	/System/Library/PrivateFrameworks/AudioResourceArbitration.framework/Versions/A/AudioResourceArbitration
0x00007ff81f30f000 	/System/Library/PrivateFrameworks/IconFoundation.framework/Versions/A/IconFoundation
0x00007ff824514000 	/System/Library/PrivateFrameworks/SpeechRecognitionCore.framework/Versions/A/SpeechRecognitionCore
0x000000010bb3e000 	/Library/Java/JavaVirtualMachines/jdk1.8.0_211.jdk/Contents/Home/jre/lib/server/libjvm.dylib
0x00007ffb29b0b000 	/usr/lib/libstdc++.6.dylib
0x000000010abd2000 	/Library/Java/JavaVirtualMachines/jdk1.8.0_211.jdk/Contents/Home/jre/lib/libverify.dylib
0x000000010ac27000 	/Library/Java/JavaVirtualMachines/jdk1.8.0_211.jdk/Contents/Home/jre/lib/libjava.dylib
0x000000010ac9c000 	/Library/Java/JavaVirtualMachines/jdk1.8.0_211.jdk/Contents/Home/jre/lib/libinstrument.dylib
0x000000010ac02000 	/Library/Java/JavaVirtualMachines/jdk1.8.0_211.jdk/Contents/Home/jre/lib/libzip.dylib
0x000000012372d000 	/Library/Java/JavaVirtualMachines/jdk1.8.0_211.jdk/Contents/Home/jre/lib/libnet.dylib
0x00000001237fa000 	/Library/Java/JavaVirtualMachines/jdk1.8.0_211.jdk/Contents/Home/jre/lib/libmanagement.dylib
0x0000000123872000 	/Library/Java/JavaVirtualMachines/jdk1.8.0_211.jdk/Contents/Home/jre/lib/libnio.dylib
0x0000000123a4c000 	/Library/Java/JavaVirtualMachines/jdk1.8.0_211.jdk/Contents/Home/jre/lib/libprism_es2.dylib
0x00007ff815c25000 	/System/Library/PrivateFrameworks/CoreServicesInternal.framework/Versions/A/CoreServicesInternal
0x00007ffa2b8ff000 	/System/Library/Frameworks/OpenGL.framework/Versions/A/Resources/GLEngine.bundle/GLEngine
0x00007ffa2b761000 	/System/Library/Frameworks/OpenGL.framework/Versions/A/Libraries/libGLProgrammability.dylib
0x0000000123c42000 	/System/Library/Extensions/AppleMetalOpenGLRenderer.bundle/Contents/MacOS/AppleMetalOpenGLRenderer
0x00007ffa2ba8e000 	/System/Library/Frameworks/OpenGL.framework/Versions/A/Resources/GLRendererFloat.bundle/GLRendererFloat
0x00007ffa2d86d000 	/System/Library/Extensions/AGXMetal13_3.bundle/Contents/MacOS/AGXMetal13_3
0x00007ff918fca000 	/System/Library/PrivateFrameworks/GPURawCounter.framework/Versions/A/GPURawCounter
0x00007ff913b47000 	/System/Library/PrivateFrameworks/IOGPU.framework/Versions/A/IOGPU
0x0000000123e1c000 	/Library/Java/JavaVirtualMachines/jdk1.8.0_211.jdk/Contents/Home/jre/lib/libglass.dylib
0x00007ff825ce5000 	/System/Library/Frameworks/FileProvider.framework/Versions/A/FileProvider
0x00007ff81990c000 	/System/Library/Frameworks/Accounts.framework/Versions/A/Accounts
0x00007ff825e5d000 	/System/Library/PrivateFrameworks/GenerationalStorage.framework/Versions/A/GenerationalStorage
0x00007ff82696a000 	/System/Library/PrivateFrameworks/CoreSymbolication.framework/Versions/A/CoreSymbolication
0x00007ff8256e9000 	/System/Library/PrivateFrameworks/SymptomDiagnosticReporter.framework/Versions/A/SymptomDiagnosticReporter
0x00007ff816ee4000 	/System/Library/PrivateFrameworks/DesktopServicesPriv.framework/Versions/A/DesktopServicesPriv
0x00007ff815d66000 	/usr/lib/libsandbox.1.dylib
0x00007ff81b0d6000 	/System/Library/PrivateFrameworks/UserManagement.framework/Versions/A/UserManagement
0x00007ff82692f000 	/System/Library/PrivateFrameworks/DebugSymbols.framework/Versions/A/DebugSymbols
0x00007ff82171b000 	/System/Library/PrivateFrameworks/NetAuth.framework/Versions/A/NetAuth
0x00007ff822607000 	/System/Library/PrivateFrameworks/Sharing.framework/Versions/A/Sharing
0x00007ff81b0a9000 	/System/Library/PrivateFrameworks/login.framework/Versions/A/Frameworks/loginsupport.framework/Versions/A/loginsupport
0x00007ff827a67000 	/System/Library/PrivateFrameworks/Apple80211.framework/Versions/A/Apple80211
0x00007ff81e2f8000 	/System/Library/PrivateFrameworks/AuthKit.framework/Versions/A/AuthKit
0x00007ff81d957000 	/System/Library/PrivateFrameworks/CoreUtils.framework/Versions/A/CoreUtils
0x00007ff81d87e000 	/System/Library/Frameworks/CoreWLAN.framework/Versions/A/CoreWLAN
0x00007ff822762000 	/System/Library/Frameworks/IOBluetooth.framework/Versions/A/IOBluetooth
0x00007ff827acf000 	/System/Library/PrivateFrameworks/CoreWiFi.framework/Versions/A/CoreWiFi
0x00007ff826504000 	/System/Library/PrivateFrameworks/FrontBoardServices.framework/Versions/A/FrontBoardServices
0x00007ff826596000 	/System/Library/PrivateFrameworks/BoardServices.framework/Versions/A/BoardServices
0x00007ff81db71000 	/System/Library/PrivateFrameworks/AssertionServices.framework/Versions/A/AssertionServices
0x00007ff827c53000 	/System/Library/PrivateFrameworks/BackBoardServices.framework/Versions/A/BackBoardServices
0x00007ff821b67000 	/System/Library/PrivateFrameworks/CorePhoneNumbers.framework/Versions/A/CorePhoneNumbers
0x00007ff825806000 	/System/Library/PrivateFrameworks/DiskManagement.framework/Versions/A/DiskManagement
0x00007ff82571a000 	/System/Library/PrivateFrameworks/AppleIDAuthSupport.framework/Versions/A/AppleIDAuthSupport
0x00007ffa32232000 	/System/Library/PrivateFrameworks/AAAFoundation.framework/Versions/A/AAAFoundation
0x00007ff821b48000 	/System/Library/PrivateFrameworks/KeychainCircle.framework/Versions/A/KeychainCircle
0x00007ff8257d2000 	/System/Library/PrivateFrameworks/MediaKit.framework/Versions/A/MediaKit
0x00007ff825726000 	/System/Library/Frameworks/DiscRecording.framework/Versions/A/DiscRecording
0x00007ff81f214000 	/usr/lib/libCoreStorage.dylib
0x00007ff827f40000 	/usr/lib/libcsfde.dylib
0x00007ff82282f000 	/System/Library/PrivateFrameworks/ProtectedCloudStorage.framework/Versions/A/ProtectedCloudStorage
0x00007ff827f3c000 	/System/Library/PrivateFrameworks/EFILogin.framework/Versions/A/EFILogin
0x00007ff825e83000 	/System/Library/PrivateFrameworks/OctagonTrust.framework/Versions/A/OctagonTrust
0x00007ffb168b9000 	/System/Library/PrivateFrameworks/CoreUtilsExtras.framework/Versions/A/CoreUtilsExtras
0x00007ff825659000 	/System/Library/Frameworks/CoreBluetooth.framework/Versions/A/CoreBluetooth
0x00007ff8285b6000 	/System/Library/Frameworks/AudioUnit.framework/Versions/A/AudioUnit
0x00007ff81f20c000 	/usr/lib/libMatch.1.dylib
0x00007ff91d382000 	/System/Library/Frameworks/Accelerate.framework/Versions/A/Frameworks/vImage.framework/Versions/A/Libraries/libCGInterfaces.dylib
0x0000000125ef8000 	/usr/lib/libobjc-trampolines.dylib
0x00007ff82aa8d000 	/System/Library/PrivateFrameworks/FamilyControls.framework/Versions/A/FamilyControls
0x00007ff82aab1000 	/System/Library/PrivateFrameworks/CommerceKit.framework/Versions/A/Frameworks/CommerceCore.framework/Versions/A/CommerceCore
0x00007ff824bdb000 	/System/Library/PrivateFrameworks/SystemAdministration.framework/Versions/A/SystemAdministration
0x00007ff822816000 	/System/Library/PrivateFrameworks/AppContainer.framework/Versions/A/AppContainer
0x00007ff82282b000 	/System/Library/PrivateFrameworks/SecCodeWrapper.framework/Versions/A/SecCodeWrapper
0x00007ff81f0d6000 	/System/Library/PrivateFrameworks/CrashReporterSupport.framework/Versions/A/CrashReporterSupport
0x00007ff924c46000 	/System/Library/PrivateFrameworks/OSAnalytics.framework/Versions/A/OSAnalytics
0x00007ff92fcfc000 	/System/Library/PrivateFrameworks/Symbolication.framework/Versions/A/Symbolication
0x00007ff918f8c000 	/System/Library/PrivateFrameworks/MallocStackLogging.framework/Versions/A/MallocStackLogging
0x00007ff81f969000 	/System/Library/PrivateFrameworks/login.framework/Versions/A/login
0x00007ff8205b9000 	/System/Library/Frameworks/MediaToolbox.framework/Versions/A/MediaToolbox
0x00007ff8244e0000 	/System/Library/Frameworks/DirectoryService.framework/Versions/A/DirectoryService
0x00007ff827ddf000 	/System/Library/PrivateFrameworks/DiskImages.framework/Versions/A/DiskImages
0x00007ff81dc19000 	/System/Library/Frameworks/ServiceManagement.framework/Versions/A/ServiceManagement
0x00007ff827fb8000 	/System/Library/PrivateFrameworks/LoginUIKit.framework/Versions/A/Frameworks/LoginUICore.framework/Versions/A/LoginUICore
0x00007ff81fb17000 	/usr/lib/libodfde.dylib
0x00007ff825cb5000 	/System/Library/PrivateFrameworks/CoreAVCHD.framework/Versions/A/CoreAVCHD
0x00007ff824b9f000 	/System/Library/Frameworks/MediaAccessibility.framework/Versions/A/MediaAccessibility
0x00007ff825cb1000 	/System/Library/PrivateFrameworks/Mangrove.framework/Versions/A/Mangrove
0x00007ff824baa000 	/System/Library/PrivateFrameworks/AlgosScoreFramework.framework/Versions/A/AlgosScoreFramework
0x00007ffb13d21000 	/System/Library/PrivateFrameworks/CMPhoto.framework/Versions/A/CMPhoto
0x00007ff826805000 	/System/Library/PrivateFrameworks/AppleVPA.framework/Versions/A/AppleVPA
0x00007ff8258f6000 	/System/Library/PrivateFrameworks/CoreAUC.framework/Versions/A/CoreAUC
0x00007ff827f4c000 	/usr/lib/libcurl.4.dylib
0x00007ff827cab000 	/usr/lib/libcrypto.44.dylib
0x00007ff827db2000 	/usr/lib/libssl.46.dylib
0x00007ff827c71000 	/System/Library/Frameworks/LDAP.framework/Versions/A/LDAP
0x00007ff827ca9000 	/System/Library/PrivateFrameworks/TrustEvaluationAgent.framework/Versions/A/TrustEvaluationAgent
0x00007ff821434000 	/usr/lib/libsasl2.2.dylib
0x00007ff824bcf000 	/System/Library/PrivateFrameworks/CoreDaemon.framework/Versions/B/CoreDaemon
0x00007ff824bca000 	/System/Library/PrivateFrameworks/AppleSRP.framework/Versions/A/AppleSRP
0x00007ff81add0000 	/System/Library/PrivateFrameworks/ViewBridge.framework/Versions/A/ViewBridge
0x0000000126a20000 	/Library/Java/JavaVirtualMachines/jdk1.8.0_211.jdk/Contents/Home/jre/lib/libawt.dylib
0x0000000126c3e000 	/Library/Java/JavaVirtualMachines/jdk1.8.0_211.jdk/Contents/Home/jre/lib/libmlib_image.dylib
0x00007ffa3022e000 	/System/Library/Frameworks/JavaNativeFoundation.framework/Versions/A/JavaNativeFoundation
0x00007ffa3023a000 	/System/Library/Frameworks/JavaRuntimeSupport.framework/Versions/A/JavaRuntimeSupport
0x00007ff918074000 	/System/Library/Frameworks/Carbon.framework/Versions/A/Carbon
0x00007ff82bdcb000 	/System/Library/Frameworks/Carbon.framework/Versions/A/Frameworks/CommonPanels.framework/Versions/A/CommonPanels
0x00007ff827f38000 	/System/Library/Frameworks/Carbon.framework/Versions/A/Frameworks/Help.framework/Versions/A/Help
0x00007ff82bdcf000 	/System/Library/Frameworks/Carbon.framework/Versions/A/Frameworks/ImageCapture.framework/Versions/A/ImageCapture
0x00007ff82bd9f000 	/System/Library/Frameworks/Carbon.framework/Versions/A/Frameworks/OpenScripting.framework/Versions/A/OpenScripting
0x00007ff82bdc7000 	/System/Library/Frameworks/Carbon.framework/Versions/A/Frameworks/Ink.framework/Versions/A/Ink
0x00007ff918070000 	/System/Library/Frameworks/Carbon.framework/Versions/A/Frameworks/Print.framework/Versions/A/Print
0x00007ff82bdc3000 	/System/Library/Frameworks/Carbon.framework/Versions/A/Frameworks/SecurityHI.framework/Versions/A/SecurityHI
0x0000000126dc6000 	/Library/Java/JavaVirtualMachines/jdk1.8.0_211.jdk/Contents/Home/jre/lib/libawt_lwawt.dylib
0x00000001269b5000 	/Library/Java/JavaVirtualMachines/jdk1.8.0_211.jdk/Contents/Home/jre/lib/libosxapp.dylib
0x00007ff9174d5000 	/System/Library/Frameworks/ExceptionHandling.framework/Versions/A/ExceptionHandling
0x0000000127c05000 	/Library/Java/JavaVirtualMachines/jdk1.8.0_211.jdk/Contents/Home/jre/lib/libfontmanager.dylib
0x00007ffb29183000 	/usr/lib/libRosetta.dylib
0x000000012b5dc000 	/Library/Java/JavaVirtualMachines/jdk1.8.0_211.jdk/Contents/Home/jre/lib/libjavafx_font.dylib
0x000000012e870000 	/Library/Java/JavaVirtualMachines/jdk1.8.0_211.jdk/Contents/Home/jre/lib/libprism_common.dylib

VM Arguments:
jvm_args: -XX:TieredStopAtLevel=1 -Xverify:none -Dspring.output.ansi.enabled=always -javaagent:/Applications/IntelliJ IDEA.app/Contents/lib/idea_rt.jar=54489:/Applications/IntelliJ IDEA.app/Contents/bin -Dcom.sun.management.jmxremote -Dspring.jmx.enabled=true -Dspring.liveBeansView.mbeanDomain -Dspring.application.admin.enabled=true -Dfile.encoding=UTF-8 
java_command: com.jim.sprjfx.SprJfxApplication
java_class_path (initial): /Library/Java/JavaVirtualMachines/jdk1.8.0_211.jdk/Contents/Home/jre/lib/charsets.jar:/Library/Java/JavaVirtualMachines/jdk1.8.0_211.jdk/Contents/Home/jre/lib/deploy.jar:/Library/Java/JavaVirtualMachines/jdk1.8.0_211.jdk/Contents/Home/jre/lib/ext/cldrdata.jar:/Library/Java/JavaVirtualMachines/jdk1.8.0_211.jdk/Contents/Home/jre/lib/ext/dnsns.jar:/Library/Java/JavaVirtualMachines/jdk1.8.0_211.jdk/Contents/Home/jre/lib/ext/jaccess.jar:/Library/Java/JavaVirtualMachines/jdk1.8.0_211.jdk/Contents/Home/jre/lib/ext/jfxrt.jar:/Library/Java/JavaVirtualMachines/jdk1.8.0_211.jdk/Contents/Home/jre/lib/ext/localedata.jar:/Library/Java/JavaVirtualMachines/jdk1.8.0_211.jdk/Contents/Home/jre/lib/ext/nashorn.jar:/Library/Java/JavaVirtualMachines/jdk1.8.0_211.jdk/Contents/Home/jre/lib/ext/sunec.jar:/Library/Java/JavaVirtualMachines/jdk1.8.0_211.jdk/Contents/Home/jre/lib/ext/sunjce_provider.jar:/Library/Java/JavaVirtualMachines/jdk1.8.0_211.jdk/Contents/Home/jre/lib/ext/sunpkcs11.jar:/Library/Java/JavaVirtualMachines/jdk1.8.0_211.jdk/Contents/Home/jre/lib/ext/zipfs.jar:/Library/Java/JavaVirtualMachines/jdk1.8.0_211.jdk/Contents/Home/jre/lib/javaws.jar:/Library/Java/JavaVirtualMachines/jdk1.8.0_211.jdk/Contents/Home/jre/lib/jce.jar:/Library/Java/JavaVirtualMachines/jdk1.8.0_211.jdk/Contents/Home/jre/lib/jfr.jar:/Library/Java/JavaVirtualMachines/jdk1.8.0_211.jdk/Contents/Home/jre/lib/jfxswt.jar:/Library/Java/JavaVirtualMachines/jdk1.8.0_211.jdk/Contents/Home/jre/lib/jsse.jar:/Library/Java/JavaVirtualMachines/jdk1.8.0_211.jdk/Contents/Home/jre/lib/management-agent.jar:/Library/Java/JavaVirtualMachines/jdk1.8.0_211.jdk/Contents/Home/jre/lib/plugin.jar:/Library/Java/JavaVirtualMachines/jdk1.8.0_211.jdk/Contents/Home/jre/lib/resources.jar:/Library/Java/JavaVirtualMachines/jdk1.8.0_211.jdk/Contents/Home/jre/lib/rt.jar:/Library/Java/JavaVirtualMachines/jdk1.8.0_211.jdk/Contents/Home/lib/ant-javafx.jar:/Library/Java/JavaVirtualMachines/jdk1.8.0_211.jdk/Contents/Home
Launcher Type: SUN_STANDARD

Environment Variables:
PATH=/usr/local/bin:/usr/bin:/bin:/usr/sbin:/sbin:/Applications/VMware Fusion.app/Contents/Public
SHELL=/bin/zsh

Signal Handlers:
SIGSEGV: [libjvm.dylib+0x5b71a7], sa_mask[0]=11111111111111111111111111111111, sa_flags=SA_ONSTACK|SA_RESTART|SA_SIGINFO
SIGBUS: [libjvm.dylib+0x5b71a7], sa_mask[0]=11111111111111111111111111111111, sa_flags=SA_RESTART|SA_SIGINFO
SIGFPE: [libjvm.dylib+0x48c8fc], sa_mask[0]=11111111111111111111111111111111, sa_flags=SA_RESTART|SA_SIGINFO
SIGPIPE: [libjvm.dylib+0x48c8fc], sa_mask[0]=11111111111111111111111111111111, sa_flags=SA_RESTART|SA_SIGINFO
SIGXFSZ: [libjvm.dylib+0x48c8fc], sa_mask[0]=11111111111111111111111111111111, sa_flags=SA_RESTART|SA_SIGINFO
SIGILL: [libjvm.dylib+0x48c8fc], sa_mask[0]=11111111111111111111111111111111, sa_flags=SA_RESTART|SA_SIGINFO
SIGUSR1: SIG_DFL, sa_mask[0]=00000000000000000000000000000000, sa_flags=none
SIGUSR2: [libjvm.dylib+0x48c41a], sa_mask[0]=00100000000000000000000000000000, sa_flags=SA_RESTART|SA_SIGINFO
SIGHUP: [libjvm.dylib+0x48a9a5], sa_mask[0]=11111111111111111111111111111111, sa_flags=SA_RESTART|SA_SIGINFO
SIGINT: [libjvm.dylib+0x48a9a5], sa_mask[0]=11111111111111111111111111111111, sa_flags=SA_RESTART|SA_SIGINFO
SIGTERM: [libjvm.dylib+0x48a9a5], sa_mask[0]=11111111111111111111111111111111, sa_flags=SA_RESTART|SA_SIGINFO
SIGQUIT: [libjvm.dylib+0x48a9a5], sa_mask[0]=11111111111111111111111111111111, sa_flags=SA_RESTART|SA_SIGINFO


---------------  S Y S T E M  ---------------

OS:Bsduname:Darwin 21.1.0 Darwin Kernel Version 21.1.0: Wed Oct 13 17:33:24 PDT 2021; root:xnu-8019.41.5~1/RELEASE_ARM64_T8101 x86_64
rlimit: STACK 8176k, CORE 0k, NPROC 1333, NOFILE 10240, AS infinity
load average:3.81 3.93 3.68

CPU:total 8 (initial active 8) (1 cores per cpu, 1 threads per core) family 6 model 44 stepping 0, cmov, cx8, fxsr, mmx, sse, sse2, sse3, ssse3, sse4.1, sse4.2, popcnt, aes, clmul, tsc, tscinvbit, tscinv

Memory: 4k page, physical 8388608k(24124k free)

/proc/meminfo:


vm_info: Java HotSpot(TM) 64-Bit Server VM (25.211-b12) for bsd-amd64 JRE (1.8.0_211-b12), built on Apr  1 2019 20:53:18 by "java_re" with gcc 4.2.1 (Based on Apple Inc. build 5658) (LLVM build 2336.11.00)

time: Sun Feb 20 17:44:26 2022
timezone: CST
elapsed time: 5 seconds (0d 0h 0m 5s)

