2022-03-03 13:57:14.131  INFO 20087 --- [ForkJoinPool.commonPool-worker-1] o.s.boot.SpringApplication               : Starting application using Java 1.8.0_211 on JJJime.lan with PID 20087 (started by hsk in /Users/hsk/Documents/DevDocument/demo/SprJfx)
2022-03-03 13:57:14.218  INFO 20087 --- [ForkJoinPool.commonPool-worker-1] o.s.boot.SpringApplication               : No active profile set, falling back to default profiles: default
2022-03-03 13:57:14.316  INFO 20087 --- [ForkJoinPool.commonPool-worker-1] .e.DevToolsPropertyDefaultsPostProcessor : For additional web related logging consider setting the 'logging.level.web' property to 'DEBUG'
2022-03-03 13:57:15.319  INFO 20087 --- [ForkJoinPool.commonPool-worker-1] .s.d.r.c.RepositoryConfigurationDelegate : Multiple Spring Data modules found, entering strict repository configuration mode!
2022-03-03 13:57:15.321  INFO 20087 --- [ForkJoinPool.commonPool-worker-1] .s.d.r.c.RepositoryConfigurationDelegate : Bootstrapping Spring Data Redis repositories in DEFAULT mode.
2022-03-03 13:57:15.349  INFO 20087 --- [ForkJoinPool.commonPool-worker-1] .s.d.r.c.RepositoryConfigurationDelegate : Finished Spring Data repository scanning in 15 ms. Found 0 Redis repository interfaces.
2022-03-03 13:57:15.720  INFO 20087 --- [ForkJoinPool.commonPool-worker-1] trationDelegate$BeanPostProcessorChecker : Bean 'org.springframework.ws.config.annotation.DelegatingWsConfiguration' of type [org.springframework.ws.config.annotation.DelegatingWsConfiguration$$EnhancerBySpringCGLIB$$86de0358] is not eligible for getting processed by all BeanPostProcessors (for example: not eligible for auto-proxying)
2022-03-03 13:57:15.768  INFO 20087 --- [ForkJoinPool.commonPool-worker-1] .w.s.a.s.AnnotationActionEndpointMapping : Supporting [WS-Addressing August 2004, WS-Addressing 1.0]
2022-03-03 13:57:16.100  INFO 20087 --- [ForkJoinPool.commonPool-worker-1] o.s.b.w.embedded.tomcat.TomcatWebServer  : Tomcat initialized with port(s): 8080 (http)
2022-03-03 13:57:16.106  INFO 20087 --- [ForkJoinPool.commonPool-worker-1] o.apache.catalina.core.StandardService   : Starting service [Tomcat]
2022-03-03 13:57:16.106  INFO 20087 --- [ForkJoinPool.commonPool-worker-1] org.apache.catalina.core.StandardEngine  : Starting Servlet engine: [Apache Tomcat/9.0.56]
2022-03-03 13:57:16.185  INFO 20087 --- [ForkJoinPool.commonPool-worker-1] o.a.c.c.C.[Tomcat].[localhost].[/]       : Initializing Spring embedded WebApplicationContext
2022-03-03 13:57:16.187  INFO 20087 --- [ForkJoinPool.commonPool-worker-1] w.s.c.ServletWebServerApplicationContext : Root WebApplicationContext: initialization completed in 1869 ms
2022-03-03 13:57:16.337  INFO 20087 --- [ForkJoinPool.commonPool-worker-1] com.jim.sprjfx.service.MsgSendService    : start WebSocket
2022-03-03 13:57:16.341  INFO 20087 --- [ForkJoinPool.commonPool-worker-1] c.c.socketio.SocketIOServer              : Session store / pubsub factory used: MemoryStoreFactory (local session store only)
2022-03-03 13:57:16.427  INFO 20087 --- [ForkJoinPool.commonPool-worker-1] com.jim.sprjfx.service.MsgSendService    : start finish
2022-03-03 13:57:16.427  INFO 20087 --- [nioEventLoopGroup-2-1] c.c.socketio.SocketIOServer              : SocketIO server started at port: 8889
2022-03-03 13:57:17.133  INFO 20087 --- [ForkJoinPool.commonPool-worker-1] o.s.b.a.w.s.WelcomePageHandlerMapping    : Adding welcome page: class path resource [static/index.html]
2022-03-03 13:57:17.641  INFO 20087 --- [ForkJoinPool.commonPool-worker-1] o.s.b.w.embedded.tomcat.TomcatWebServer  : Tomcat started on port(s): 8080 (http) with context path ''
2022-03-03 13:57:17.677  INFO 20087 --- [ForkJoinPool.commonPool-worker-1] o.s.boot.SpringApplication               : Started application in 4.401 seconds (JVM running for 6.472)
2022-03-03 13:57:37.417  INFO 20087 --- [http-nio-8080-exec-1] o.a.c.c.C.[Tomcat].[localhost].[/]       : Initializing Spring DispatcherServlet 'dispatcherServlet'
2022-03-03 13:57:37.421  INFO 20087 --- [http-nio-8080-exec-1] o.s.web.servlet.DispatcherServlet        : Initializing Servlet 'dispatcherServlet'
2022-03-03 13:57:37.429  INFO 20087 --- [http-nio-8080-exec-1] o.s.web.servlet.DispatcherServlet        : Completed initialization in 8 ms
2022-03-03 13:58:30.866  INFO 20087 --- [SpringApplicationShutdownHook] com.alibaba.druid.pool.DruidDataSource   : {dataSource-0} closing ...
2022-03-03 13:58:35.147  INFO 20087 --- [SpringApplicationShutdownHook] c.c.socketio.SocketIOServer              : SocketIO server stopped
2022-03-03 13:58:43.860  INFO 20844 --- [ForkJoinPool.commonPool-worker-1] o.s.boot.SpringApplication               : Starting application using Java 1.8.0_211 on JJJime.lan with PID 20844 (started by hsk in /Users/hsk/Documents/DevDocument/demo/SprJfx)
2022-03-03 13:58:43.867  INFO 20844 --- [ForkJoinPool.commonPool-worker-1] o.s.boot.SpringApplication               : No active profile set, falling back to default profiles: default
2022-03-03 13:58:43.922  INFO 20844 --- [ForkJoinPool.commonPool-worker-1] .e.DevToolsPropertyDefaultsPostProcessor : For additional web related logging consider setting the 'logging.level.web' property to 'DEBUG'
2022-03-03 13:58:44.717  INFO 20844 --- [ForkJoinPool.commonPool-worker-1] .s.d.r.c.RepositoryConfigurationDelegate : Multiple Spring Data modules found, entering strict repository configuration mode!
2022-03-03 13:58:44.720  INFO 20844 --- [ForkJoinPool.commonPool-worker-1] .s.d.r.c.RepositoryConfigurationDelegate : Bootstrapping Spring Data Redis repositories in DEFAULT mode.
2022-03-03 13:58:44.751  INFO 20844 --- [ForkJoinPool.commonPool-worker-1] .s.d.r.c.RepositoryConfigurationDelegate : Finished Spring Data repository scanning in 15 ms. Found 0 Redis repository interfaces.
2022-03-03 13:58:45.097  INFO 20844 --- [ForkJoinPool.commonPool-worker-1] trationDelegate$BeanPostProcessorChecker : Bean 'org.springframework.ws.config.annotation.DelegatingWsConfiguration' of type [org.springframework.ws.config.annotation.DelegatingWsConfiguration$$EnhancerBySpringCGLIB$$b7ddfb2] is not eligible for getting processed by all BeanPostProcessors (for example: not eligible for auto-proxying)
2022-03-03 13:58:45.137  INFO 20844 --- [ForkJoinPool.commonPool-worker-1] .w.s.a.s.AnnotationActionEndpointMapping : Supporting [WS-Addressing August 2004, WS-Addressing 1.0]
2022-03-03 13:58:45.448  INFO 20844 --- [ForkJoinPool.commonPool-worker-1] o.s.b.w.embedded.tomcat.TomcatWebServer  : Tomcat initialized with port(s): 8080 (http)
2022-03-03 13:58:45.454  INFO 20844 --- [ForkJoinPool.commonPool-worker-1] o.apache.catalina.core.StandardService   : Starting service [Tomcat]
2022-03-03 13:58:45.454  INFO 20844 --- [ForkJoinPool.commonPool-worker-1] org.apache.catalina.core.StandardEngine  : Starting Servlet engine: [Apache Tomcat/9.0.56]
2022-03-03 13:58:45.521  INFO 20844 --- [ForkJoinPool.commonPool-worker-1] o.a.c.c.C.[Tomcat].[localhost].[/]       : Initializing Spring embedded WebApplicationContext
2022-03-03 13:58:45.521  INFO 20844 --- [ForkJoinPool.commonPool-worker-1] w.s.c.ServletWebServerApplicationContext : Root WebApplicationContext: initialization completed in 1598 ms
2022-03-03 13:58:45.644  INFO 20844 --- [ForkJoinPool.commonPool-worker-1] com.jim.sprjfx.service.MsgSendService    : start WebSocket
2022-03-03 13:58:45.648  INFO 20844 --- [ForkJoinPool.commonPool-worker-1] c.c.socketio.SocketIOServer              : Session store / pubsub factory used: MemoryStoreFactory (local session store only)
2022-03-03 13:58:45.722  INFO 20844 --- [ForkJoinPool.commonPool-worker-1] com.jim.sprjfx.service.MsgSendService    : start finish
2022-03-03 13:58:45.722  INFO 20844 --- [nioEventLoopGroup-2-1] c.c.socketio.SocketIOServer              : SocketIO server started at port: 8889
2022-03-03 13:58:46.370  INFO 20844 --- [ForkJoinPool.commonPool-worker-1] o.s.b.a.w.s.WelcomePageHandlerMapping    : Adding welcome page: class path resource [static/index.html]
2022-03-03 13:58:46.640  INFO 20844 --- [ForkJoinPool.commonPool-worker-1] o.s.b.w.embedded.tomcat.TomcatWebServer  : Tomcat started on port(s): 8080 (http) with context path ''
2022-03-03 13:58:46.651  INFO 20844 --- [ForkJoinPool.commonPool-worker-1] o.s.boot.SpringApplication               : Started application in 3.538 seconds (JVM running for 5.204)
2022-03-03 13:59:01.091  INFO 20844 --- [http-nio-8080-exec-1] o.a.c.c.C.[Tomcat].[localhost].[/]       : Initializing Spring DispatcherServlet 'dispatcherServlet'
2022-03-03 13:59:01.092  INFO 20844 --- [http-nio-8080-exec-1] o.s.web.servlet.DispatcherServlet        : Initializing Servlet 'dispatcherServlet'
2022-03-03 13:59:01.102  INFO 20844 --- [http-nio-8080-exec-1] o.s.web.servlet.DispatcherServlet        : Completed initialization in 7 ms
2022-03-03 14:00:13.325  INFO 20844 --- [SpringApplicationShutdownHook] com.alibaba.druid.pool.DruidDataSource   : {dataSource-0} closing ...
2022-03-03 14:00:17.555  INFO 20844 --- [SpringApplicationShutdownHook] c.c.socketio.SocketIOServer              : SocketIO server stopped
